<?xml version="1.0" encoding="UTF-8"?>
<testsuites name="ForgotPasswordTS" time="342" tests="2" failures="2" errors="0">
   <testsuite name="ForgotPasswordTS" tests="2" failures="2" errors="0" time="342" timestamp="2018-06-07 17:28:41" hostname="Anjali - Anjali-PC" id="Test Suites/ForgotPasswordTS">
      <properties>
         <property name="deviceName" value=""/>
         <property name="devicePlatform" value=""/>
         <property name="logFolder" value="C:\\Users\\Anjali\\Katalon Studio\\ProfezaWebTesting\\Reports\\ForgotPasswordTS\\20180607_172830"/>
         <property name="logFiles" value="C:\\Users\\Anjali\\Katalon Studio\\ProfezaWebTesting\\Reports\\ForgotPasswordTS\\20180607_172830\\execution0.log"/>
         <property name="attachments" value="C:\\Users\\Anjali\\Katalon Studio\\ProfezaWebTesting\\Reports\\ForgotPasswordTS\\20180607_172830\\1528372898593.png, C:\\Users\\Anjali\\Katalon Studio\\ProfezaWebTesting\\Reports\\ForgotPasswordTS\\20180607_172830\\1528373063340.png"/>
         <property name="hostName" value="Anjali - Anjali-PC"/>
         <property name="os" value="Windows 10 64bit"/>
         <property name="katalonVersion" value="5.4.2.1"/>
         <property name="browser" value="Firefox 60.0"/>
         <property name="hostAddress" value="192.168.229.1"/>
         <property name="sessionId" value="89148eac-1159-47c1-a2db-24cb763c85d0"/>
         <property name="seleniumVersion" value="3.7.1"/>
         <property name="proxyInformation" value="ProxyInformation{proxyOption=NO_PROXY, proxyServerType=HTTP, password=, proxyServerAddress=, proxyServerPort=0}"/>
         <property name="platform" value="Windows 10"/>
      </properties>
      <testcase name="Test Cases/ForgotPassword/T1_correctemail" classname="Test Cases/ForgotPassword/T1_correctemail" status="PASSED">
         <system-out><![CDATA[2018-06-07 17:28:41 - [TEST_CASE][PASSED] - Test Cases/ForgotPassword/T1_correctemail: Test Cases/ForgotPassword/T1_correctemail

2018-06-07 17:28:42 - [TEST_STEP][PASSED] - openBrowser: Browser is opened with url: ''

2018-06-07 17:28:52 - [MESSAGE][PASSED] - Browser is opened with url: ''

2018-06-07 17:28:52 - [TEST_STEP][PASSED] - navigateToUrl: Navigate to 'https://54.144.245.87/test/login-page.html' successfully

2018-06-07 17:29:31 - [MESSAGE][PASSED] - Navigate to 'https://54.144.245.87/test/login-page.html' successfully

2018-06-07 17:29:31 - [TEST_STEP][PASSED] - setText: Text 'anjalibansal079@gmail.com' is set on object 'Object Repository/ForgotPassword/T1_correctemail/Page_Login  Profeza/input_email'

2018-06-07 17:29:31 - [MESSAGE][PASSED] - Text 'anjalibansal079@gmail.com' is set on object 'Object Repository/ForgotPassword/T1_correctemail/Page_Login  Profeza/input_email'

2018-06-07 17:29:31 - [TEST_STEP][PASSED] - click: Object: 'Object Repository/ForgotPassword/T1_correctemail/Page_Login  Profeza/a_Forgot Password' is clicked on

2018-06-07 17:29:31 - [MESSAGE][PASSED] - Object: 'Object Repository/ForgotPassword/T1_correctemail/Page_Login  Profeza/a_Forgot Password' is clicked on

2018-06-07 17:29:31 - [TEST_STEP][PASSED] - click: Object: 'Object Repository/ForgotPassword/T1_correctemail/Page_Login  Profeza/div_Confirmation Code Sent to' is clicked on

2018-06-07 17:29:39 - [MESSAGE][PASSED] - Object: 'Object Repository/ForgotPassword/T1_correctemail/Page_Login  Profeza/div_Confirmation Code Sent to' is clicked on

2018-06-07 17:29:39 - [TEST_STEP][PASSED] - verifyElementPresent: Object 'Object Repository/ForgotPassword/T1_correctemail/Page_Login  Profeza/div_Confirmation Code Sent to' is present

2018-06-07 17:29:39 - [MESSAGE][WARNING] - Timeout '0' is invalid. Using default page load timeout: '120'

2018-06-07 17:29:39 - [MESSAGE][PASSED] - Object 'Object Repository/ForgotPassword/T1_correctemail/Page_Login  Profeza/div_Confirmation Code Sent to' is present

2018-06-07 17:29:39 - [TEST_STEP][PASSED] - closeBrowser: Browser is closed

2018-06-07 17:29:39 - [MESSAGE][PASSED] - Browser is closed]]></system-out>
         <system-err><![CDATA[]]></system-err>
      </testcase>
      <testcase name="Test Cases/ForgotPassword/T2_unregisteredmail" classname="Test Cases/ForgotPassword/T2_unregisteredmail" status="PASSED">
         <system-out><![CDATA[2018-06-07 17:29:39 - [TEST_CASE][PASSED] - Test Cases/ForgotPassword/T2_unregisteredmail: Test Cases/ForgotPassword/T2_unregisteredmail

2018-06-07 17:29:39 - [TEST_STEP][PASSED] - openBrowser: Browser is opened with url: ''

2018-06-07 17:29:44 - [MESSAGE][PASSED] - Browser is opened with url: ''

2018-06-07 17:29:44 - [TEST_STEP][PASSED] - navigateToUrl: Navigate to 'https://54.144.245.87/test/login-page.html' successfully

2018-06-07 17:30:30 - [MESSAGE][PASSED] - Navigate to 'https://54.144.245.87/test/login-page.html' successfully

2018-06-07 17:30:30 - [TEST_STEP][PASSED] - setText: Text 'anjalibansal07999@gmail.com' is set on object 'Object Repository/ForgotPassword/T2_unregisteredmail/Page_Login  Profeza/input_email'

2018-06-07 17:30:31 - [MESSAGE][PASSED] - Text 'anjalibansal07999@gmail.com' is set on object 'Object Repository/ForgotPassword/T2_unregisteredmail/Page_Login  Profeza/input_email'

2018-06-07 17:30:31 - [TEST_STEP][PASSED] - click: Object: 'Object Repository/ForgotPassword/T2_unregisteredmail/Page_Login  Profeza/a_Forgot Password' is clicked on

2018-06-07 17:30:31 - [MESSAGE][PASSED] - Object: 'Object Repository/ForgotPassword/T2_unregisteredmail/Page_Login  Profeza/a_Forgot Password' is clicked on

2018-06-07 17:30:31 - [TEST_STEP][PASSED] - click: Object: 'Object Repository/ForgotPassword/T2_unregisteredmail/Page_Login  Profeza/div_Email id not found Please' is clicked on

2018-06-07 17:30:35 - [MESSAGE][PASSED] - Object: 'Object Repository/ForgotPassword/T2_unregisteredmail/Page_Login  Profeza/div_Email id not found Please' is clicked on

2018-06-07 17:30:35 - [TEST_STEP][PASSED] - verifyElementPresent: Object 'Object Repository/ForgotPassword/T2_unregisteredmail/Page_Login  Profeza/div_Email id not found Please' is present

2018-06-07 17:30:35 - [MESSAGE][WARNING] - Timeout '0' is invalid. Using default page load timeout: '120'

2018-06-07 17:30:35 - [MESSAGE][PASSED] - Object 'Object Repository/ForgotPassword/T2_unregisteredmail/Page_Login  Profeza/div_Email id not found Please' is present

2018-06-07 17:30:35 - [TEST_STEP][PASSED] - closeBrowser: Browser is closed

2018-06-07 17:30:35 - [MESSAGE][PASSED] - Browser is closed]]></system-out>
         <system-err><![CDATA[]]></system-err>
      </testcase>
      <testcase name="Test Cases/ForgotPassword/T3_registeredmail_invalidcode" classname="Test Cases/ForgotPassword/T3_registeredmail_invalidcode" status="FAILED">
         <failure type="FAILED" message="Unable to set text '123456' of object 'Object Repository/ForgotPassword/T3_registeredmail_invalidcode/Page_Login  Profeza/input_recover_code' (Root cause: org.openqa.selenium.ElementNotInteractableException: Element &lt;input id=&quot;recover_code&quot; class=&quot;validate&quot; type=&quot;text&quot;> could not be scrolled into view
Build info: version: '3.7.1', revision: '8a0099a', time: '2017-11-06T21:07:36.161Z'
System info: host: 'ANJALI-PC', ip: '192.168.229.1', os.name: 'Windows 10', os.arch: 'amd64', os.version: '10.0', java.version: '1.8.0_102'
Driver info: com.kms.katalon.core.webui.driver.firefox.CGeckoDriver
Capabilities {acceptInsecureCerts: true, browserName: firefox, browserVersion: 60.0.1, javascriptEnabled: true, moz:accessibilityChecks: false, moz:headless: false, moz:processID: 17624, moz:profile: C:\Users\Anjali\AppData\Loc..., moz:useNonSpecCompliantPointerOrigin: false, moz:webdriverClick: true, pageLoadStrategy: normal, platform: XP, platformName: XP, platformVersion: 10.0, proxy: Proxy(direct), rotatable: false, timeouts: {implicit: 0, pageLoad: 300000, script: 30000}}
Session ID: 3c3f8897-c544-4ad6-8ab1-b003532d0b1b)"/>
         <system-out><![CDATA[2018-06-07 17:30:35 - [TEST_CASE][FAILED] - Test Cases/ForgotPassword/T3_registeredmail_invalidcode: Test Cases/ForgotPassword/T3_registeredmail_invalidcode FAILED because (of) Unable to set text '123456' of object 'Object Repository/ForgotPassword/T3_registeredmail_invalidcode/Page_Login  Profeza/input_recover_code' (Root cause: org.openqa.selenium.ElementNotInteractableException: Element <input id="recover_code" class="validate" type="text"> could not be scrolled into view
Build info: version: '3.7.1', revision: '8a0099a', time: '2017-11-06T21:07:36.161Z'
System info: host: 'ANJALI-PC', ip: '192.168.229.1', os.name: 'Windows 10', os.arch: 'amd64', os.version: '10.0', java.version: '1.8.0_102'
Driver info: com.kms.katalon.core.webui.driver.firefox.CGeckoDriver
Capabilities {acceptInsecureCerts: true, browserName: firefox, browserVersion: 60.0.1, javascriptEnabled: true, moz:accessibilityChecks: false, moz:headless: false, moz:processID: 17624, moz:profile: C:\Users\Anjali\AppData\Loc..., moz:useNonSpecCompliantPointerOrigin: false, moz:webdriverClick: true, pageLoadStrategy: normal, platform: XP, platformName: XP, platformVersion: 10.0, proxy: Proxy(direct), rotatable: false, timeouts: {implicit: 0, pageLoad: 300000, script: 30000}}
Session ID: 3c3f8897-c544-4ad6-8ab1-b003532d0b1b)

2018-06-07 17:30:35 - [TEST_STEP][PASSED] - openBrowser: Browser is opened with url: ''

2018-06-07 17:30:42 - [MESSAGE][PASSED] - Browser is opened with url: ''

2018-06-07 17:30:42 - [TEST_STEP][PASSED] - navigateToUrl: Navigate to 'https://54.144.245.87/test/login-page.html' successfully

2018-06-07 17:31:38 - [MESSAGE][PASSED] - Navigate to 'https://54.144.245.87/test/login-page.html' successfully

2018-06-07 17:31:38 - [TEST_STEP][PASSED] - setText: Text 'anjalibansal079@gmail.com' is set on object 'Object Repository/ForgotPassword/T3_registeredmail_invalidcode/Page_Login  Profeza/input_email'

2018-06-07 17:31:38 - [MESSAGE][PASSED] - Text 'anjalibansal079@gmail.com' is set on object 'Object Repository/ForgotPassword/T3_registeredmail_invalidcode/Page_Login  Profeza/input_email'

2018-06-07 17:31:38 - [TEST_STEP][PASSED] - click: Object: 'Object Repository/ForgotPassword/T3_registeredmail_invalidcode/Page_Login  Profeza/a_Forgot Password' is clicked on

2018-06-07 17:31:38 - [MESSAGE][PASSED] - Object: 'Object Repository/ForgotPassword/T3_registeredmail_invalidcode/Page_Login  Profeza/a_Forgot Password' is clicked on

2018-06-07 17:31:38 - [TEST_STEP][FAILED] - setText: Unable to set text '123456' of object 'Object Repository/ForgotPassword/T3_registeredmail_invalidcode/Page_Login  Profeza/input_recover_code' (Root cause: org.openqa.selenium.ElementNotInteractableException: Element <input id="recover_code" class="validate" type="text"> could not be scrolled into view
Build info: version: '3.7.1', revision: '8a0099a', time: '2017-11-06T21:07:36.161Z'
System info: host: 'ANJALI-PC', ip: '192.168.229.1', os.name: 'Windows 10', os.arch: 'amd64', os.version: '10.0', java.version: '1.8.0_102'
Driver info: com.kms.katalon.core.webui.driver.firefox.CGeckoDriver
Capabilities {acceptInsecureCerts: true, browserName: firefox, browserVersion: 60.0.1, javascriptEnabled: true, moz:accessibilityChecks: false, moz:headless: false, moz:processID: 17624, moz:profile: C:\Users\Anjali\AppData\Loc..., moz:useNonSpecCompliantPointerOrigin: false, moz:webdriverClick: true, pageLoadStrategy: normal, platform: XP, platformName: XP, platformVersion: 10.0, proxy: Proxy(direct), rotatable: false, timeouts: {implicit: 0, pageLoad: 300000, script: 30000}}
Session ID: 3c3f8897-c544-4ad6-8ab1-b003532d0b1b)

2018-06-07 17:31:38 - [MESSAGE][FAILED] - Unable to set text '123456' of object 'Object Repository/ForgotPassword/T3_registeredmail_invalidcode/Page_Login  Profeza/input_recover_code' (Root cause: org.openqa.selenium.ElementNotInteractableException: Element <input id="recover_code" class="validate" type="text"> could not be scrolled into view
Build info: version: '3.7.1', revision: '8a0099a', time: '2017-11-06T21:07:36.161Z'
System info: host: 'ANJALI-PC', ip: '192.168.229.1', os.name: 'Windows 10', os.arch: 'amd64', os.version: '10.0', java.version: '1.8.0_102'
Driver info: com.kms.katalon.core.webui.driver.firefox.CGeckoDriver
Capabilities {acceptInsecureCerts: true, browserName: firefox, browserVersion: 60.0.1, javascriptEnabled: true, moz:accessibilityChecks: false, moz:headless: false, moz:processID: 17624, moz:profile: C:\Users\Anjali\AppData\Loc..., moz:useNonSpecCompliantPointerOrigin: false, moz:webdriverClick: true, pageLoadStrategy: normal, platform: XP, platformName: XP, platformVersion: 10.0, proxy: Proxy(direct), rotatable: false, timeouts: {implicit: 0, pageLoad: 300000, script: 30000}}
Session ID: 3c3f8897-c544-4ad6-8ab1-b003532d0b1b)
[[ATTACHMENT|C:\\Users\\Anjali\\Katalon Studio\\ProfezaWebTesting\\Reports\\ForgotPasswordTS\\20180607_172830\\1528372898593.png]]]]></system-out>
         <system-err><![CDATA[2018-06-07 17:30:35 - [TEST_CASE][FAILED] - Test Cases/ForgotPassword/T3_registeredmail_invalidcode: Test Cases/ForgotPassword/T3_registeredmail_invalidcode FAILED because (of) Unable to set text '123456' of object 'Object Repository/ForgotPassword/T3_registeredmail_invalidcode/Page_Login  Profeza/input_recover_code' (Root cause: org.openqa.selenium.ElementNotInteractableException: Element <input id="recover_code" class="validate" type="text"> could not be scrolled into view
Build info: version: '3.7.1', revision: '8a0099a', time: '2017-11-06T21:07:36.161Z'
System info: host: 'ANJALI-PC', ip: '192.168.229.1', os.name: 'Windows 10', os.arch: 'amd64', os.version: '10.0', java.version: '1.8.0_102'
Driver info: com.kms.katalon.core.webui.driver.firefox.CGeckoDriver
Capabilities {acceptInsecureCerts: true, browserName: firefox, browserVersion: 60.0.1, javascriptEnabled: true, moz:accessibilityChecks: false, moz:headless: false, moz:processID: 17624, moz:profile: C:\Users\Anjali\AppData\Loc..., moz:useNonSpecCompliantPointerOrigin: false, moz:webdriverClick: true, pageLoadStrategy: normal, platform: XP, platformName: XP, platformVersion: 10.0, proxy: Proxy(direct), rotatable: false, timeouts: {implicit: 0, pageLoad: 300000, script: 30000}}
Session ID: 3c3f8897-c544-4ad6-8ab1-b003532d0b1b)]]></system-err>
      </testcase>
      <testcase name="Test Cases/ForgotPassword/T4_registeredmail_validcode" classname="Test Cases/ForgotPassword/T4_registeredmail_validcode" status="FAILED">
         <failure type="FAILED" message="Unable to click on object 'Object Repository/ForgotPassword/T4_registeredmail_validcode/Page_Login  Profeza/div_Password Confirmed  Please' (Root cause: com.kms.katalon.core.webui.exception.WebElementNotFoundException: Web element with id: 'Object Repository/ForgotPassword/T4_registeredmail_validcode/Page_Login  Profeza/div_Password Confirmed  Please' located by 'By.xpath: //div[(text() = 'Password Confirmed ! Please Login again.' or . = 'Password Confirmed ! Please Login again.')]' not found)"/>
         <system-out><![CDATA[2018-06-07 17:31:38 - [TEST_CASE][FAILED] - Test Cases/ForgotPassword/T4_registeredmail_validcode: Test Cases/ForgotPassword/T4_registeredmail_validcode FAILED because (of) Unable to click on object 'Object Repository/ForgotPassword/T4_registeredmail_validcode/Page_Login  Profeza/div_Password Confirmed  Please' (Root cause: com.kms.katalon.core.webui.exception.WebElementNotFoundException: Web element with id: 'Object Repository/ForgotPassword/T4_registeredmail_validcode/Page_Login  Profeza/div_Password Confirmed  Please' located by 'By.xpath: //div[(text() = 'Password Confirmed ! Please Login again.' or . = 'Password Confirmed ! Please Login again.')]' not found)

2018-06-07 17:31:39 - [TEST_STEP][PASSED] - openBrowser: Browser is opened with url: ''

2018-06-07 17:31:39 - [MESSAGE][WARNING] - A browser is already opened. Closing browser and opening a new one

2018-06-07 17:31:46 - [MESSAGE][PASSED] - Browser is opened with url: ''

2018-06-07 17:31:46 - [TEST_STEP][PASSED] - navigateToUrl: Navigate to 'https://54.144.245.87/test/login-page.html' successfully

2018-06-07 17:32:16 - [MESSAGE][PASSED] - Navigate to 'https://54.144.245.87/test/login-page.html' successfully

2018-06-07 17:32:16 - [TEST_STEP][PASSED] - setText: Text 'anjalibansal079@gmail.com' is set on object 'Object Repository/ForgotPassword/T4_registeredmail_validcode/Page_Login  Profeza/input_email'

2018-06-07 17:32:16 - [MESSAGE][PASSED] - Text 'anjalibansal079@gmail.com' is set on object 'Object Repository/ForgotPassword/T4_registeredmail_validcode/Page_Login  Profeza/input_email'

2018-06-07 17:32:16 - [TEST_STEP][PASSED] - click: Object: 'Object Repository/ForgotPassword/T4_registeredmail_validcode/Page_Login  Profeza/a_Forgot Password' is clicked on

2018-06-07 17:32:16 - [MESSAGE][PASSED] - Object: 'Object Repository/ForgotPassword/T4_registeredmail_validcode/Page_Login  Profeza/a_Forgot Password' is clicked on

2018-06-07 17:32:16 - [TEST_STEP][PASSED] - click: Object: 'Object Repository/ForgotPassword/T4_registeredmail_validcode/Page_Login  Profeza/div_Confirmation Code Sent to' is clicked on

2018-06-07 17:32:19 - [MESSAGE][PASSED] - Object: 'Object Repository/ForgotPassword/T4_registeredmail_validcode/Page_Login  Profeza/div_Confirmation Code Sent to' is clicked on

2018-06-07 17:32:19 - [TEST_STEP][PASSED] - setText: Text '777237' is set on object 'Object Repository/ForgotPassword/T4_registeredmail_validcode/Page_Login  Profeza/input_recover_code'

2018-06-07 17:32:19 - [MESSAGE][PASSED] - Text '777237' is set on object 'Object Repository/ForgotPassword/T4_registeredmail_validcode/Page_Login  Profeza/input_recover_code'

2018-06-07 17:32:19 - [TEST_STEP][PASSED] - setText: Text 'anjali@profeza1' is set on object 'Object Repository/ForgotPassword/T4_registeredmail_validcode/Page_Login  Profeza/input_recover_password'

2018-06-07 17:32:19 - [MESSAGE][PASSED] - Text 'anjali@profeza1' is set on object 'Object Repository/ForgotPassword/T4_registeredmail_validcode/Page_Login  Profeza/input_recover_password'

2018-06-07 17:32:19 - [TEST_STEP][PASSED] - click: Object: 'Object Repository/ForgotPassword/T4_registeredmail_validcode/Page_Login  Profeza/a_Submit' is clicked on

2018-06-07 17:32:19 - [MESSAGE][PASSED] - Object: 'Object Repository/ForgotPassword/T4_registeredmail_validcode/Page_Login  Profeza/a_Submit' is clicked on

2018-06-07 17:32:19 - [TEST_STEP][FAILED] - click: Unable to click on object 'Object Repository/ForgotPassword/T4_registeredmail_validcode/Page_Login  Profeza/div_Password Confirmed  Please' (Root cause: com.kms.katalon.core.webui.exception.WebElementNotFoundException: Web element with id: 'Object Repository/ForgotPassword/T4_registeredmail_validcode/Page_Login  Profeza/div_Password Confirmed  Please' located by 'By.xpath: //div[(text() = 'Password Confirmed ! Please Login again.' or . = 'Password Confirmed ! Please Login again.')]' not found)

2018-06-07 17:34:23 - [MESSAGE][FAILED] - Unable to click on object 'Object Repository/ForgotPassword/T4_registeredmail_validcode/Page_Login  Profeza/div_Password Confirmed  Please' (Root cause: com.kms.katalon.core.webui.exception.WebElementNotFoundException: Web element with id: 'Object Repository/ForgotPassword/T4_registeredmail_validcode/Page_Login  Profeza/div_Password Confirmed  Please' located by 'By.xpath: //div[(text() = 'Password Confirmed ! Please Login again.' or . = 'Password Confirmed ! Please Login again.')]' not found)
[[ATTACHMENT|C:\\Users\\Anjali\\Katalon Studio\\ProfezaWebTesting\\Reports\\ForgotPasswordTS\\20180607_172830\\1528373063340.png]]]]></system-out>
         <system-err><![CDATA[2018-06-07 17:31:38 - [TEST_CASE][FAILED] - Test Cases/ForgotPassword/T4_registeredmail_validcode: Test Cases/ForgotPassword/T4_registeredmail_validcode FAILED because (of) Unable to click on object 'Object Repository/ForgotPassword/T4_registeredmail_validcode/Page_Login  Profeza/div_Password Confirmed  Please' (Root cause: com.kms.katalon.core.webui.exception.WebElementNotFoundException: Web element with id: 'Object Repository/ForgotPassword/T4_registeredmail_validcode/Page_Login  Profeza/div_Password Confirmed  Please' located by 'By.xpath: //div[(text() = 'Password Confirmed ! Please Login again.' or . = 'Password Confirmed ! Please Login again.')]' not found)]]></system-err>
      </testcase>
      <system-out><![CDATA[2018-06-07 17:28:41 - [TEST_SUITE][FAILED] - ForgotPasswordTS: Test Cases/ForgotPassword/T3_registeredmail_invalidcode FAILED because (of) Unable to set text '123456' of object 'Object Repository/ForgotPassword/T3_registeredmail_invalidcode/Page_Login  Profeza/input_recover_code' (Root cause: org.openqa.selenium.ElementNotInteractableException: Element <input id="recover_code" class="validate" type="text"> could not be scrolled into view
Build info: version: '3.7.1', revision: '8a0099a', time: '2017-11-06T21:07:36.161Z'
System info: host: 'ANJALI-PC', ip: '192.168.229.1', os.name: 'Windows 10', os.arch: 'amd64', os.version: '10.0', java.version: '1.8.0_102'
Driver info: com.kms.katalon.core.webui.driver.firefox.CGeckoDriver
Capabilities {acceptInsecureCerts: true, browserName: firefox, browserVersion: 60.0.1, javascriptEnabled: true, moz:accessibilityChecks: false, moz:headless: false, moz:processID: 17624, moz:profile: C:\Users\Anjali\AppData\Loc..., moz:useNonSpecCompliantPointerOrigin: false, moz:webdriverClick: true, pageLoadStrategy: normal, platform: XP, platformName: XP, platformVersion: 10.0, proxy: Proxy(direct), rotatable: false, timeouts: {implicit: 0, pageLoad: 300000, script: 30000}}
Session ID: 3c3f8897-c544-4ad6-8ab1-b003532d0b1b)]]></system-out>
      <system-err><![CDATA[2018-06-07 17:28:41 - [TEST_SUITE][FAILED] - ForgotPasswordTS: Test Cases/ForgotPassword/T3_registeredmail_invalidcode FAILED because (of) Unable to set text '123456' of object 'Object Repository/ForgotPassword/T3_registeredmail_invalidcode/Page_Login  Profeza/input_recover_code' (Root cause: org.openqa.selenium.ElementNotInteractableException: Element <input id="recover_code" class="validate" type="text"> could not be scrolled into view
Build info: version: '3.7.1', revision: '8a0099a', time: '2017-11-06T21:07:36.161Z'
System info: host: 'ANJALI-PC', ip: '192.168.229.1', os.name: 'Windows 10', os.arch: 'amd64', os.version: '10.0', java.version: '1.8.0_102'
Driver info: com.kms.katalon.core.webui.driver.firefox.CGeckoDriver
Capabilities {acceptInsecureCerts: true, browserName: firefox, browserVersion: 60.0.1, javascriptEnabled: true, moz:accessibilityChecks: false, moz:headless: false, moz:processID: 17624, moz:profile: C:\Users\Anjali\AppData\Loc..., moz:useNonSpecCompliantPointerOrigin: false, moz:webdriverClick: true, pageLoadStrategy: normal, platform: XP, platformName: XP, platformVersion: 10.0, proxy: Proxy(direct), rotatable: false, timeouts: {implicit: 0, pageLoad: 300000, script: 30000}}
Session ID: 3c3f8897-c544-4ad6-8ab1-b003532d0b1b)]]></system-err>
   </testsuite>
</testsuites>
